<?xml version="1.0" encoding="UTF-8"?>
<testsuite xmlns:xsi="http://www.w3.org/2001/XMLSchema-instance" xsi:noNamespaceSchemaLocation="https://maven.apache.org/surefire/maven-surefire-plugin/xsd/surefire-test-report.xsd" name="TestSuite" time="372.236" tests="13" errors="0" skipped="0" failures="12">
  <properties>
[...]
</properties>
  <testcase name="Test1 on Test1(Selleniun_start_projects.Selleniun_start_projects.TriangleSelleniumTest)" classname="Selleniun_start_projects.Selleniun_start_projects.TriangleSelleniumTest" time="107.944">
    <failure message="Unable to locate element: *[name=&apos;triangle-type&apos;]&#10;For documentation on this error, please visit: http://seleniumhq.org/exceptions/no_such_element.html&#10;Build info: version: &apos;3.13.0&apos;, revision: &apos;2f0d292&apos;, time: &apos;2018-06-25T15:24:21.231Z&apos;&#10;System info: host: &apos;DESKTOP-MJA3542&apos;, ip: &apos;10.0.0.7&apos;, os.name: &apos;Windows 10&apos;, os.arch: &apos;amd64&apos;, os.version: &apos;10.0&apos;, java.version: &apos;17.0.2&apos;&#10;Driver info: org.openqa.selenium.firefox.FirefoxDriver&#10;Capabilities {acceptInsecureCerts: true, browserName: firefox, browserVersion: 123.0.1, javascriptEnabled: true, moz:accessibilityChecks: false, moz:buildID: 20240304104836, moz:geckodriverVersion: 0.34.0, moz:headless: false, moz:platformVersion: 10.0, moz:processID: 1360, moz:profile: C:\Users\U1\AppData\Local\T..., moz:shutdownTimeout: 60000, moz:webdriverClick: true, moz:windowless: false, pageLoadStrategy: normal, platform: WINDOWS, platformName: WINDOWS, proxy: Proxy(), setWindowRect: true, strictFileInteractability: false, timeouts: {implicit: 0, pageLoad: 300000, script: 30000}, unhandledPromptBehavior: dismiss and notify}&#10;Session ID: 0958d63c-b9bd-4e9b-928b-ad652803915a&#10;*** Element info: {Using=name, value=triangle-type}" type="org.openqa.selenium.NoSuchElementException">org.openqa.selenium.NoSuchElementException: 
Unable to locate element: *[name='triangle-type']
For documentation on this error, please visit: http://seleniumhq.org/exceptions/no_such_element.html
Build info: version: '3.13.0', revision: '2f0d292', time: '2018-06-25T15:24:21.231Z'
System info: host: 'DESKTOP-MJA3542', ip: '10.0.0.7', os.name: 'Windows 10', os.arch: 'amd64', os.version: '10.0', java.version: '17.0.2'
Driver info: org.openqa.selenium.firefox.FirefoxDriver
Capabilities {acceptInsecureCerts: true, browserName: firefox, browserVersion: 123.0.1, javascriptEnabled: true, moz:accessibilityChecks: false, moz:buildID: 20240304104836, moz:geckodriverVersion: 0.34.0, moz:headless: false, moz:platformVersion: 10.0, moz:processID: 1360, moz:profile: C:\Users\U1\AppData\Local\T..., moz:shutdownTimeout: 60000, moz:webdriverClick: true, moz:windowless: false, pageLoadStrategy: normal, platform: WINDOWS, platformName: WINDOWS, proxy: Proxy(), setWindowRect: true, strictFileInteractability: false, timeouts: {implicit: 0, pageLoad: 300000, script: 30000}, unhandledPromptBehavior: dismiss and notify}
Session ID: 0958d63c-b9bd-4e9b-928b-ad652803915a
*** Element info: {Using=name, value=triangle-type}
	at Selleniun_start_projects.Selleniun_start_projects.TriangleSelleniumTest.Test1(TriangleSelleniumTest.java:40)
</failure>
    <system-out><![CDATA[Usage: <main class> [options] The XML suite files to run
  Options:
    -configfailurepolicy               Configuration failure policy (skip or
                                       continue)
    -d                                 Output directory
    -dataproviderthreadcount           Number of threads to use when running
                                       data providers
    -excludegroups                     Comma-separated list of group names to 
                                       exclude
    -groups                            Comma-separated list of group names to be
                                       run
    -junit                             JUnit mode
                                       Default: false
    -listener                          List of .class files or list of class
                                       names implementing ITestListener or
                                       ISuiteListener
    -methods                           Comma separated of test methods
                                       Default: []
    -methodselectors                   List of .class files or list of class
                                       names implementing IMethodSelector
    -mixed                             Mixed mode - autodetect the type of
                                       current test and run it with appropriate runner
                                       Default: false
    -objectfactory                     List of .class files or list of class
                                       names implementing ITestRunnerFactory
    -parallel                          Parallel mode (methods, tests or classes)
    -port                              The port
    -reporter                          Extended configuration for custom report
                                       listener
    -suitename                         Default name of test suite, if not
                                       specified in suite definition file or source code
    -suitethreadpoolsize               Size of the thread pool to use to run
                                       suites
                                       Default: 1
    -testclass                         The list of test classes
    -testjar                           A jar file containing the tests
    -testname                          Default name of test, if not specified in
                                       suitedefinition file or source code
    -testnames                         The list of test names to run
    -testrunfactory, -testRunFactory   The factory used to create tests
    -threadcount                       Number of threads to use when running
                                       tests in parallel
    -usedefaultlisteners               Whether to use the default listeners
                                       Default: true
    -log, -verbose                     Level of verbosity
    -xmlpathinjar                      The full path to the xml file inside the
                                       jar file (only valid if -testjar was
                                       specified)
                                       Default: testng.xml

]]></system-out>
    <system-err><![CDATA[[TestNG] [Error] No test suite found. Nothing to run
1710023761910	geckodriver	INFO	Listening on 127.0.0.1:14455
1710023762113	mozrunner::runner	INFO	Running command: "C:\\Program Files\\Mozilla Firefox\\firefox.exe" "--marionette" "-no-remote" "-profile" "C:\\Users\\U1\\AppData\\Local\\Temp\\rust_mozprofiletLxnf9"
console.warn: services.settings: Ignoring preference override of remote settings server
console.warn: services.settings: Allow by setting MOZ_REMOTE_SETTINGS_DEVTOOLS=1 in the environment
1710023762675	Marionette	INFO	Marionette enabled
Dynamically enable window occlusion 0
1710023762824	Marionette	INFO	Listening on port 60759
Read port: 60759
1710023763098	RemoteAgent	WARN	TLS certificate errors will be ignored for this session
Mar 10, 2024 12:36:05 AM org.openqa.selenium.remote.ProtocolHandshake createSession
INFO: Detected dialect: W3C
console.warn: LoginRecipes: "Falling back to a synchronous message for: https://testpages.eviltester.com."
1710023794789	addons.xpi	ERROR	System addon update list error SyntaxError: XMLHttpRequest.open: 'http://%(server)s/dummy-system-addons.xml' is not a valid URL.
]]></system-err>
  </testcase>
  <testcase name="Test2 on Test2(Selleniun_start_projects.Selleniun_start_projects.TriangleSelleniumTest)" classname="Selleniun_start_projects.Selleniun_start_projects.TriangleSelleniumTest" time="77.188">
    <failure message="TypeError: browsingContext.currentWindowGlobal is null&#10;Build info: version: &apos;3.13.0&apos;, revision: &apos;2f0d292&apos;, time: &apos;2018-06-25T15:24:21.231Z&apos;&#10;System info: host: &apos;DESKTOP-MJA3542&apos;, ip: &apos;10.0.0.7&apos;, os.name: &apos;Windows 10&apos;, os.arch: &apos;amd64&apos;, os.version: &apos;10.0&apos;, java.version: &apos;17.0.2&apos;&#10;Driver info: org.openqa.selenium.firefox.FirefoxDriver&#10;Capabilities {acceptInsecureCerts: true, browserName: firefox, browserVersion: 123.0.1, javascriptEnabled: true, moz:accessibilityChecks: false, moz:buildID: 20240304104836, moz:geckodriverVersion: 0.34.0, moz:headless: false, moz:platformVersion: 10.0, moz:processID: 22152, moz:profile: C:\Users\U1\AppData\Local\T..., moz:shutdownTimeout: 60000, moz:webdriverClick: true, moz:windowless: false, pageLoadStrategy: normal, platform: WINDOWS, platformName: WINDOWS, proxy: Proxy(), setWindowRect: true, strictFileInteractability: false, timeouts: {implicit: 0, pageLoad: 300000, script: 30000}, unhandledPromptBehavior: dismiss and notify}&#10;Session ID: 19053125-f100-40c7-a071-72829f78e0d4&#10;*** Element info: {Using=name, value=triangle-type}" type="org.openqa.selenium.WebDriverException">org.openqa.selenium.WebDriverException: 
TypeError: browsingContext.currentWindowGlobal is null
Build info: version: '3.13.0', revision: '2f0d292', time: '2018-06-25T15:24:21.231Z'
System info: host: 'DESKTOP-MJA3542', ip: '10.0.0.7', os.name: 'Windows 10', os.arch: 'amd64', os.version: '10.0', java.version: '17.0.2'
Driver info: org.openqa.selenium.firefox.FirefoxDriver
Capabilities {acceptInsecureCerts: true, browserName: firefox, browserVersion: 123.0.1, javascriptEnabled: true, moz:accessibilityChecks: false, moz:buildID: 20240304104836, moz:geckodriverVersion: 0.34.0, moz:headless: false, moz:platformVersion: 10.0, moz:processID: 22152, moz:profile: C:\Users\U1\AppData\Local\T..., moz:shutdownTimeout: 60000, moz:webdriverClick: true, moz:windowless: false, pageLoadStrategy: normal, platform: WINDOWS, platformName: WINDOWS, proxy: Proxy(), setWindowRect: true, strictFileInteractability: false, timeouts: {implicit: 0, pageLoad: 300000, script: 30000}, unhandledPromptBehavior: dismiss and notify}
Session ID: 19053125-f100-40c7-a071-72829f78e0d4
*** Element info: {Using=name, value=triangle-type}
	at Selleniun_start_projects.Selleniun_start_projects.TriangleSelleniumTest.Test2(TriangleSelleniumTest.java:54)
</failure>
    <system-err><![CDATA[1710023869573	geckodriver	INFO	Listening on 127.0.0.1:38971
1710023869597	mozrunner::runner	INFO	Running command: "C:\\Program Files\\Mozilla Firefox\\firefox.exe" "--marionette" "-no-remote" "-profile" "C:\\Users\\U1\\AppData\\Local\\Temp\\rust_mozprofileEmE7Wp"
console.warn: services.settings: Ignoring preference override of remote settings server
console.warn: services.settings: Allow by setting MOZ_REMOTE_SETTINGS_DEVTOOLS=1 in the environment
1710023870193	Marionette	INFO	Marionette enabled
Dynamically enable window occlusion 0
1710023870315	Marionette	INFO	Listening on port 60892
Read port: 60892
1710023870622	RemoteAgent	WARN	TLS certificate errors will be ignored for this session
Mar 10, 2024 12:37:52 AM org.openqa.selenium.remote.ProtocolHandshake createSession
INFO: Detected dialect: W3C
console.warn: LoginRecipes: "Falling back to a synchronous message for: https://testpages.eviltester.com."
1710023900265	addons.xpi	ERROR	System addon update list error SyntaxError: XMLHttpRequest.open: 'http://%(server)s/dummy-system-addons.xml' is not a valid URL.
1710023942297	Marionette	INFO	Stopped listening on port 60759
Dynamically enable window occlusion 1
JavaScript error: chrome://remote/content/marionette/cert.sys.mjs, line 47: NS_ERROR_NOT_AVAILABLE: Component returned failure code: 0x80040111 (NS_ERROR_NOT_AVAILABLE) [nsICertOverrideService.setDisableAllSecurityChecksAndLetAttackersInterceptMyData]
Marionette threw an error: TypeError: browsingContext.currentWindowGlobal is null
getMarionetteCommandsActorProxy/get/<@chrome://remote/content/marionette/actors/MarionetteCommandsParent.sys.mjs:360:17
observe@resource://gre/modules/AsyncShutdown.sys.mjs:570:17

console.error: "Marionette threw an error: TypeError: browsingContext.currentWindowGlobal is null\ngetMarionetteCommandsActorProxy/get/<@chrome://remote/content/marionette/actors/MarionetteCommandsParent.sys.mjs:360:17\nobserve@resource://gre/modules/AsyncShutdown.sys.mjs:570:17\n"
1710023946625	Marionette	INFO	Stopped listening on port 60892
Dynamically enable window occlusion 1
]]></system-err>
  </testcase>
  <testcase name="Test3 on Test3(Selleniun_start_projects.Selleniun_start_projects.TriangleSelleniumTest)" classname="Selleniun_start_projects.Selleniun_start_projects.TriangleSelleniumTest" time="11.14">
    <failure message="TypeError: browsingContext.currentWindowGlobal is null&#10;Build info: version: &apos;3.13.0&apos;, revision: &apos;2f0d292&apos;, time: &apos;2018-06-25T15:24:21.231Z&apos;&#10;System info: host: &apos;DESKTOP-MJA3542&apos;, ip: &apos;10.0.0.7&apos;, os.name: &apos;Windows 10&apos;, os.arch: &apos;amd64&apos;, os.version: &apos;10.0&apos;, java.version: &apos;17.0.2&apos;&#10;Driver info: org.openqa.selenium.firefox.FirefoxDriver&#10;Capabilities {acceptInsecureCerts: true, browserName: firefox, browserVersion: 123.0.1, javascriptEnabled: true, moz:accessibilityChecks: false, moz:buildID: 20240304104836, moz:geckodriverVersion: 0.34.0, moz:headless: false, moz:platformVersion: 10.0, moz:processID: 35404, moz:profile: C:\Users\U1\AppData\Local\T..., moz:shutdownTimeout: 60000, moz:webdriverClick: true, moz:windowless: false, pageLoadStrategy: normal, platform: WINDOWS, platformName: WINDOWS, proxy: Proxy(), setWindowRect: true, strictFileInteractability: false, timeouts: {implicit: 0, pageLoad: 300000, script: 30000}, unhandledPromptBehavior: dismiss and notify}&#10;Session ID: 2457dbde-8f60-42b7-a9c8-ea4501028a69&#10;*** Element info: {Using=name, value=triangle-type}" type="org.openqa.selenium.WebDriverException">org.openqa.selenium.WebDriverException: 
TypeError: browsingContext.currentWindowGlobal is null
Build info: version: '3.13.0', revision: '2f0d292', time: '2018-06-25T15:24:21.231Z'
System info: host: 'DESKTOP-MJA3542', ip: '10.0.0.7', os.name: 'Windows 10', os.arch: 'amd64', os.version: '10.0', java.version: '17.0.2'
Driver info: org.openqa.selenium.firefox.FirefoxDriver
Capabilities {acceptInsecureCerts: true, browserName: firefox, browserVersion: 123.0.1, javascriptEnabled: true, moz:accessibilityChecks: false, moz:buildID: 20240304104836, moz:geckodriverVersion: 0.34.0, moz:headless: false, moz:platformVersion: 10.0, moz:processID: 35404, moz:profile: C:\Users\U1\AppData\Local\T..., moz:shutdownTimeout: 60000, moz:webdriverClick: true, moz:windowless: false, pageLoadStrategy: normal, platform: WINDOWS, platformName: WINDOWS, proxy: Proxy(), setWindowRect: true, strictFileInteractability: false, timeouts: {implicit: 0, pageLoad: 300000, script: 30000}, unhandledPromptBehavior: dismiss and notify}
Session ID: 2457dbde-8f60-42b7-a9c8-ea4501028a69
*** Element info: {Using=name, value=triangle-type}
	at Selleniun_start_projects.Selleniun_start_projects.TriangleSelleniumTest.Test3(TriangleSelleniumTest.java:68)
</failure>
    <system-err><![CDATA[JavaScript error: chrome://remote/content/marionette/cert.sys.mjs, line 47: NS_ERROR_NOT_AVAILABLE: Component returned failure code: 0x80040111 (NS_ERROR_NOT_AVAILABLE) [nsICertOverrideService.setDisableAllSecurityChecksAndLetAttackersInterceptMyData]
1710023946840	geckodriver	INFO	Listening on 127.0.0.1:12505
1710023946863	mozrunner::runner	INFO	Running command: "C:\\Program Files\\Mozilla Firefox\\firefox.exe" "--marionette" "-no-remote" "-profile" "C:\\Users\\U1\\AppData\\Local\\Temp\\rust_mozprofileigZiJl"
console.warn: services.settings: Ignoring preference override of remote settings server
console.warn: services.settings: Allow by setting MOZ_REMOTE_SETTINGS_DEVTOOLS=1 in the environment
1710023947551	Marionette	INFO	Marionette enabled
Dynamically enable window occlusion 0
1710023947960	Marionette	INFO	Listening on port 61432
Read port: 61432
1710023948240	RemoteAgent	WARN	TLS certificate errors will be ignored for this session
Mar 10, 2024 12:39:10 AM org.openqa.selenium.remote.ProtocolHandshake createSession
INFO: Detected dialect: W3C
console.warn: LoginRecipes: "Falling back to a synchronous message for: https://testpages.eviltester.com."
Marionette threw an error: TypeError: browsingContext.currentWindowGlobal is null
getMarionetteCommandsActorProxy/get/<@chrome://remote/content/marionette/actors/MarionetteCommandsParent.sys.mjs:360:17
observe@resource://gre/modules/AsyncShutdown.sys.mjs:570:17

console.error: "Marionette threw an error: TypeError: browsingContext.currentWindowGlobal is null\ngetMarionetteCommandsActorProxy/get/<@chrome://remote/content/marionette/actors/MarionetteCommandsParent.sys.mjs:360:17\nobserve@resource://gre/modules/AsyncShutdown.sys.mjs:570:17\n"
1710023957799	Marionette	INFO	Stopped listening on port 61432
Dynamically enable window occlusion 1
]]></system-err>
  </testcase>
  <testcase name="Test4 on Test4(Selleniun_start_projects.Selleniun_start_projects.TriangleSelleniumTest)" classname="Selleniun_start_projects.Selleniun_start_projects.TriangleSelleniumTest" time="9.974">
    <failure message="TypeError: browsingContext.currentWindowGlobal is null&#10;Build info: version: &apos;3.13.0&apos;, revision: &apos;2f0d292&apos;, time: &apos;2018-06-25T15:24:21.231Z&apos;&#10;System info: host: &apos;DESKTOP-MJA3542&apos;, ip: &apos;10.0.0.7&apos;, os.name: &apos;Windows 10&apos;, os.arch: &apos;amd64&apos;, os.version: &apos;10.0&apos;, java.version: &apos;17.0.2&apos;&#10;Driver info: org.openqa.selenium.firefox.FirefoxDriver&#10;Capabilities {acceptInsecureCerts: true, browserName: firefox, browserVersion: 123.0.1, javascriptEnabled: true, moz:accessibilityChecks: false, moz:buildID: 20240304104836, moz:geckodriverVersion: 0.34.0, moz:headless: false, moz:platformVersion: 10.0, moz:processID: 36120, moz:profile: C:\Users\U1\AppData\Local\T..., moz:shutdownTimeout: 60000, moz:webdriverClick: true, moz:windowless: false, pageLoadStrategy: normal, platform: WINDOWS, platformName: WINDOWS, proxy: Proxy(), setWindowRect: true, strictFileInteractability: false, timeouts: {implicit: 0, pageLoad: 300000, script: 30000}, unhandledPromptBehavior: dismiss and notify}&#10;Session ID: 2f45674f-1468-47d6-99ac-109951557770&#10;*** Element info: {Using=name, value=triangle-type}" type="org.openqa.selenium.WebDriverException">org.openqa.selenium.WebDriverException: 
TypeError: browsingContext.currentWindowGlobal is null
Build info: version: '3.13.0', revision: '2f0d292', time: '2018-06-25T15:24:21.231Z'
System info: host: 'DESKTOP-MJA3542', ip: '10.0.0.7', os.name: 'Windows 10', os.arch: 'amd64', os.version: '10.0', java.version: '17.0.2'
Driver info: org.openqa.selenium.firefox.FirefoxDriver
Capabilities {acceptInsecureCerts: true, browserName: firefox, browserVersion: 123.0.1, javascriptEnabled: true, moz:accessibilityChecks: false, moz:buildID: 20240304104836, moz:geckodriverVersion: 0.34.0, moz:headless: false, moz:platformVersion: 10.0, moz:processID: 36120, moz:profile: C:\Users\U1\AppData\Local\T..., moz:shutdownTimeout: 60000, moz:webdriverClick: true, moz:windowless: false, pageLoadStrategy: normal, platform: WINDOWS, platformName: WINDOWS, proxy: Proxy(), setWindowRect: true, strictFileInteractability: false, timeouts: {implicit: 0, pageLoad: 300000, script: 30000}, unhandledPromptBehavior: dismiss and notify}
Session ID: 2f45674f-1468-47d6-99ac-109951557770
*** Element info: {Using=name, value=triangle-type}
	at Selleniun_start_projects.Selleniun_start_projects.TriangleSelleniumTest.Test4(TriangleSelleniumTest.java:82)
</failure>
    <system-err><![CDATA[JavaScript error: chrome://remote/content/marionette/cert.sys.mjs, line 47: NS_ERROR_NOT_AVAILABLE: Component returned failure code: 0x80040111 (NS_ERROR_NOT_AVAILABLE) [nsICertOverrideService.setDisableAllSecurityChecksAndLetAttackersInterceptMyData]
1710023957928	geckodriver	INFO	Listening on 127.0.0.1:29608
1710023957954	mozrunner::runner	INFO	Running command: "C:\\Program Files\\Mozilla Firefox\\firefox.exe" "--marionette" "-no-remote" "-profile" "C:\\Users\\U1\\AppData\\Local\\Temp\\rust_mozprofileIy3qLc"
console.warn: services.settings: Ignoring preference override of remote settings server
console.warn: services.settings: Allow by setting MOZ_REMOTE_SETTINGS_DEVTOOLS=1 in the environment
1710023958392	Marionette	INFO	Marionette enabled
Dynamically enable window occlusion 0
1710023958526	Marionette	INFO	Listening on port 61507
Read port: 61507
1710023958761	RemoteAgent	WARN	TLS certificate errors will be ignored for this session
Mar 10, 2024 12:39:21 AM org.openqa.selenium.remote.ProtocolHandshake createSession
INFO: Detected dialect: W3C
console.warn: LoginRecipes: "Falling back to a synchronous message for: https://testpages.eviltester.com."
Marionette threw an error: TypeError: browsingContext.currentWindowGlobal is null
getMarionetteCommandsActorProxy/get/<@chrome://remote/content/marionette/actors/MarionetteCommandsParent.sys.mjs:360:17
observe@resource://gre/modules/AsyncShutdown.sys.mjs:570:17

console.error: "Marionette threw an error: TypeError: browsingContext.currentWindowGlobal is null\ngetMarionetteCommandsActorProxy/get/<@chrome://remote/content/marionette/actors/MarionetteCommandsParent.sys.mjs:360:17\nobserve@resource://gre/modules/AsyncShutdown.sys.mjs:570:17\n"
1710023967782	Marionette	INFO	Stopped listening on port 61507
Dynamically enable window occlusion 1
]]></system-err>
  </testcase>
  <testcase name="Test5 on Test5(Selleniun_start_projects.Selleniun_start_projects.TriangleSelleniumTest)" classname="Selleniun_start_projects.Selleniun_start_projects.TriangleSelleniumTest" time="10.025">
    <failure message="TypeError: browsingContext.currentWindowGlobal is null&#10;Build info: version: &apos;3.13.0&apos;, revision: &apos;2f0d292&apos;, time: &apos;2018-06-25T15:24:21.231Z&apos;&#10;System info: host: &apos;DESKTOP-MJA3542&apos;, ip: &apos;10.0.0.7&apos;, os.name: &apos;Windows 10&apos;, os.arch: &apos;amd64&apos;, os.version: &apos;10.0&apos;, java.version: &apos;17.0.2&apos;&#10;Driver info: org.openqa.selenium.firefox.FirefoxDriver&#10;Capabilities {acceptInsecureCerts: true, browserName: firefox, browserVersion: 123.0.1, javascriptEnabled: true, moz:accessibilityChecks: false, moz:buildID: 20240304104836, moz:geckodriverVersion: 0.34.0, moz:headless: false, moz:platformVersion: 10.0, moz:processID: 30508, moz:profile: C:\Users\U1\AppData\Local\T..., moz:shutdownTimeout: 60000, moz:webdriverClick: true, moz:windowless: false, pageLoadStrategy: normal, platform: WINDOWS, platformName: WINDOWS, proxy: Proxy(), setWindowRect: true, strictFileInteractability: false, timeouts: {implicit: 0, pageLoad: 300000, script: 30000}, unhandledPromptBehavior: dismiss and notify}&#10;Session ID: 3e3a45d3-5567-4e9c-bc07-e39fcd75acf0&#10;*** Element info: {Using=name, value=triangle-type}" type="org.openqa.selenium.WebDriverException">org.openqa.selenium.WebDriverException: 
TypeError: browsingContext.currentWindowGlobal is null
Build info: version: '3.13.0', revision: '2f0d292', time: '2018-06-25T15:24:21.231Z'
System info: host: 'DESKTOP-MJA3542', ip: '10.0.0.7', os.name: 'Windows 10', os.arch: 'amd64', os.version: '10.0', java.version: '17.0.2'
Driver info: org.openqa.selenium.firefox.FirefoxDriver
Capabilities {acceptInsecureCerts: true, browserName: firefox, browserVersion: 123.0.1, javascriptEnabled: true, moz:accessibilityChecks: false, moz:buildID: 20240304104836, moz:geckodriverVersion: 0.34.0, moz:headless: false, moz:platformVersion: 10.0, moz:processID: 30508, moz:profile: C:\Users\U1\AppData\Local\T..., moz:shutdownTimeout: 60000, moz:webdriverClick: true, moz:windowless: false, pageLoadStrategy: normal, platform: WINDOWS, platformName: WINDOWS, proxy: Proxy(), setWindowRect: true, strictFileInteractability: false, timeouts: {implicit: 0, pageLoad: 300000, script: 30000}, unhandledPromptBehavior: dismiss and notify}
Session ID: 3e3a45d3-5567-4e9c-bc07-e39fcd75acf0
*** Element info: {Using=name, value=triangle-type}
	at Selleniun_start_projects.Selleniun_start_projects.TriangleSelleniumTest.Test5(TriangleSelleniumTest.java:97)
</failure>
    <system-err><![CDATA[JavaScript error: chrome://remote/content/marionette/cert.sys.mjs, line 47: NS_ERROR_NOT_AVAILABLE: Component returned failure code: 0x80040111 (NS_ERROR_NOT_AVAILABLE) [nsICertOverrideService.setDisableAllSecurityChecksAndLetAttackersInterceptMyData]
1710023967927	geckodriver	INFO	Listening on 127.0.0.1:18788
1710023967952	mozrunner::runner	INFO	Running command: "C:\\Program Files\\Mozilla Firefox\\firefox.exe" "--marionette" "-no-remote" "-profile" "C:\\Users\\U1\\AppData\\Local\\Temp\\rust_mozprofileMvtL28"
console.warn: services.settings: Ignoring preference override of remote settings server
console.warn: services.settings: Allow by setting MOZ_REMOTE_SETTINGS_DEVTOOLS=1 in the environment
1710023968358	Marionette	INFO	Marionette enabled
Dynamically enable window occlusion 0
1710023968458	Marionette	INFO	Listening on port 61606
Read port: 61606
1710023968676	RemoteAgent	WARN	TLS certificate errors will be ignored for this session
Mar 10, 2024 12:39:31 AM org.openqa.selenium.remote.ProtocolHandshake createSession
INFO: Detected dialect: W3C
console.warn: LoginRecipes: "Falling back to a synchronous message for: https://testpages.eviltester.com."
Marionette threw an error: TypeError: browsingContext.currentWindowGlobal is null
getMarionetteCommandsActorProxy/get/<@chrome://remote/content/marionette/actors/MarionetteCommandsParent.sys.mjs:360:17
observe@resource://gre/modules/AsyncShutdown.sys.mjs:570:17

console.error: "Marionette threw an error: TypeError: browsingContext.currentWindowGlobal is null\ngetMarionetteCommandsActorProxy/get/<@chrome://remote/content/marionette/actors/MarionetteCommandsParent.sys.mjs:360:17\nobserve@resource://gre/modules/AsyncShutdown.sys.mjs:570:17\n"
1710023977804	Marionette	INFO	Stopped listening on port 61606
Dynamically enable window occlusion 1
]]></system-err>
  </testcase>
  <testcase name="Test6 on Test6(Selleniun_start_projects.Selleniun_start_projects.TriangleSelleniumTest)" classname="Selleniun_start_projects.Selleniun_start_projects.TriangleSelleniumTest" time="107.079">
    <failure message="Unable to locate element: *[name=&apos;triangle-type&apos;]&#10;For documentation on this error, please visit: http://seleniumhq.org/exceptions/no_such_element.html&#10;Build info: version: &apos;3.13.0&apos;, revision: &apos;2f0d292&apos;, time: &apos;2018-06-25T15:24:21.231Z&apos;&#10;System info: host: &apos;DESKTOP-MJA3542&apos;, ip: &apos;10.0.0.7&apos;, os.name: &apos;Windows 10&apos;, os.arch: &apos;amd64&apos;, os.version: &apos;10.0&apos;, java.version: &apos;17.0.2&apos;&#10;Driver info: org.openqa.selenium.firefox.FirefoxDriver&#10;Capabilities {acceptInsecureCerts: true, browserName: firefox, browserVersion: 123.0.1, javascriptEnabled: true, moz:accessibilityChecks: false, moz:buildID: 20240304104836, moz:geckodriverVersion: 0.34.0, moz:headless: false, moz:platformVersion: 10.0, moz:processID: 26736, moz:profile: C:\Users\U1\AppData\Local\T..., moz:shutdownTimeout: 60000, moz:webdriverClick: true, moz:windowless: false, pageLoadStrategy: normal, platform: WINDOWS, platformName: WINDOWS, proxy: Proxy(), setWindowRect: true, strictFileInteractability: false, timeouts: {implicit: 0, pageLoad: 300000, script: 30000}, unhandledPromptBehavior: dismiss and notify}&#10;Session ID: 8fc66645-3175-4e5c-af23-a1c6226a7a56&#10;*** Element info: {Using=name, value=triangle-type}" type="org.openqa.selenium.NoSuchElementException">org.openqa.selenium.NoSuchElementException: 
Unable to locate element: *[name='triangle-type']
For documentation on this error, please visit: http://seleniumhq.org/exceptions/no_such_element.html
Build info: version: '3.13.0', revision: '2f0d292', time: '2018-06-25T15:24:21.231Z'
System info: host: 'DESKTOP-MJA3542', ip: '10.0.0.7', os.name: 'Windows 10', os.arch: 'amd64', os.version: '10.0', java.version: '17.0.2'
Driver info: org.openqa.selenium.firefox.FirefoxDriver
Capabilities {acceptInsecureCerts: true, browserName: firefox, browserVersion: 123.0.1, javascriptEnabled: true, moz:accessibilityChecks: false, moz:buildID: 20240304104836, moz:geckodriverVersion: 0.34.0, moz:headless: false, moz:platformVersion: 10.0, moz:processID: 26736, moz:profile: C:\Users\U1\AppData\Local\T..., moz:shutdownTimeout: 60000, moz:webdriverClick: true, moz:windowless: false, pageLoadStrategy: normal, platform: WINDOWS, platformName: WINDOWS, proxy: Proxy(), setWindowRect: true, strictFileInteractability: false, timeouts: {implicit: 0, pageLoad: 300000, script: 30000}, unhandledPromptBehavior: dismiss and notify}
Session ID: 8fc66645-3175-4e5c-af23-a1c6226a7a56
*** Element info: {Using=name, value=triangle-type}
	at Selleniun_start_projects.Selleniun_start_projects.TriangleSelleniumTest.Test6(TriangleSelleniumTest.java:111)
</failure>
    <system-err><![CDATA[JavaScript error: chrome://remote/content/marionette/cert.sys.mjs, line 47: NS_ERROR_NOT_AVAILABLE: Component returned failure code: 0x80040111 (NS_ERROR_NOT_AVAILABLE) [nsICertOverrideService.setDisableAllSecurityChecksAndLetAttackersInterceptMyData]
1710023977925	geckodriver	INFO	Listening on 127.0.0.1:33438
1710023977941	mozrunner::runner	INFO	Running command: "C:\\Program Files\\Mozilla Firefox\\firefox.exe" "--marionette" "-no-remote" "-profile" "C:\\Users\\U1\\AppData\\Local\\Temp\\rust_mozprofileETUawV"
console.warn: services.settings: Ignoring preference override of remote settings server
console.warn: services.settings: Allow by setting MOZ_REMOTE_SETTINGS_DEVTOOLS=1 in the environment
1710023978414	Marionette	INFO	Marionette enabled
Dynamically enable window occlusion 0
1710023978552	Marionette	INFO	Listening on port 61672
Read port: 61672
1710023978881	RemoteAgent	WARN	TLS certificate errors will be ignored for this session
Mar 10, 2024 12:39:41 AM org.openqa.selenium.remote.ProtocolHandshake createSession
INFO: Detected dialect: W3C
console.warn: LoginRecipes: "Falling back to a synchronous message for: https://testpages.eviltester.com."
1710024008461	addons.xpi	ERROR	System addon update list error SyntaxError: XMLHttpRequest.open: 'http://%(server)s/dummy-system-addons.xml' is not a valid URL.
]]></system-err>
  </testcase>
  <testcase name="Test1 on Test1(Selleniun_start_projects.Selleniun_start_projects.PasswordSelleniumTest)" classname="Selleniun_start_projects.Selleniun_start_projects.PasswordSelleniumTest" time="7.293">
    <failure message="expected:&lt;[Valid Value]&gt; but was:&lt;[[[FirefoxDriver: firefox on WINDOWS (0a513588-dc03-49fe-91bd-23a785e50274)] -&gt; name: validation_message]]&gt;" type="org.junit.ComparisonFailure">org.junit.ComparisonFailure: expected:&lt;[Valid Value]&gt; but was:&lt;[[[FirefoxDriver: firefox on WINDOWS (0a513588-dc03-49fe-91bd-23a785e50274)] -&gt; name: validation_message]]&gt;	at Selleniun_start_projects.Selleniun_start_projects.PasswordSelleniumTest.Test1(PasswordSelleniumTest.java:39)</failure>
    <system-err><![CDATA[1710024084994	geckodriver	INFO	Listening on 127.0.0.1:3991
1710024085021	mozrunner::runner	INFO	Running command: "C:\\Program Files\\Mozilla Firefox\\firefox.exe" "--marionette" "-no-remote" "-profile" "C:\\Users\\U1\\AppData\\Local\\Temp\\rust_mozprofilebFNUQ2"
console.warn: services.settings: Ignoring preference override of remote settings server
console.warn: services.settings: Allow by setting MOZ_REMOTE_SETTINGS_DEVTOOLS=1 in the environment
1710024085480	Marionette	INFO	Marionette enabled
Dynamically enable window occlusion 0
1710024085581	Marionette	INFO	Listening on port 61734
Read port: 61734
1710024085805	RemoteAgent	WARN	TLS certificate errors will be ignored for this session
Mar 10, 2024 12:41:28 AM org.openqa.selenium.remote.ProtocolHandshake createSession
INFO: Detected dialect: W3C
]]></system-err>
  </testcase>
  <testcase name="Test2 on Test2(Selleniun_start_projects.Selleniun_start_projects.PasswordSelleniumTest)" classname="Selleniun_start_projects.Selleniun_start_projects.PasswordSelleniumTest" time="7.248">
    <failure message="expected:&lt;[Invalid Value]&gt; but was:&lt;[[[FirefoxDriver: firefox on WINDOWS (f401e5c2-8a4a-4874-9634-bb0117414677)] -&gt; name: validation_message]]&gt;" type="org.junit.ComparisonFailure">org.junit.ComparisonFailure: expected:&lt;[Invalid Value]&gt; but was:&lt;[[[FirefoxDriver: firefox on WINDOWS (f401e5c2-8a4a-4874-9634-bb0117414677)] -&gt; name: validation_message]]&gt;	at Selleniun_start_projects.Selleniun_start_projects.PasswordSelleniumTest.Test2(PasswordSelleniumTest.java:48)</failure>
    <system-err><![CDATA[1710024092296	geckodriver	INFO	Listening on 127.0.0.1:6729
1710024092322	mozrunner::runner	INFO	Running command: "C:\\Program Files\\Mozilla Firefox\\firefox.exe" "--marionette" "-no-remote" "-profile" "C:\\Users\\U1\\AppData\\Local\\Temp\\rust_mozprofileF7cyEX"
console.warn: services.settings: Ignoring preference override of remote settings server
console.warn: services.settings: Allow by setting MOZ_REMOTE_SETTINGS_DEVTOOLS=1 in the environment
1710024092850	Marionette	INFO	Marionette enabled
Dynamically enable window occlusion 0
1710024092938	Marionette	INFO	Listening on port 61776
Read port: 61776
1710024093232	RemoteAgent	WARN	TLS certificate errors will be ignored for this session
1710024095057	Marionette	INFO	Stopped listening on port 61734
Dynamically enable window occlusion 1
JavaScript error: chrome://remote/content/marionette/cert.sys.mjs, line 47: NS_ERROR_NOT_AVAILABLE: Component returned failure code: 0x80040111 (NS_ERROR_NOT_AVAILABLE) [nsICertOverrideService.setDisableAllSecurityChecksAndLetAttackersInterceptMyData]
Mar 10, 2024 12:41:35 AM org.openqa.selenium.remote.ProtocolHandshake createSession
INFO: Detected dialect: W3C
]]></system-err>
  </testcase>
  <testcase name="Test3 on Test3(Selleniun_start_projects.Selleniun_start_projects.PasswordSelleniumTest)" classname="Selleniun_start_projects.Selleniun_start_projects.PasswordSelleniumTest" time="4.117">
    <failure message="Browsing context has been discarded&#10;Build info: version: &apos;3.13.0&apos;, revision: &apos;2f0d292&apos;, time: &apos;2018-06-25T15:24:21.231Z&apos;&#10;System info: host: &apos;DESKTOP-MJA3542&apos;, ip: &apos;10.0.0.7&apos;, os.name: &apos;Windows 10&apos;, os.arch: &apos;amd64&apos;, os.version: &apos;10.0&apos;, java.version: &apos;17.0.2&apos;&#10;Driver info: org.openqa.selenium.firefox.FirefoxDriver&#10;Capabilities {acceptInsecureCerts: true, browserName: firefox, browserVersion: 123.0.1, javascriptEnabled: true, moz:accessibilityChecks: false, moz:buildID: 20240304104836, moz:geckodriverVersion: 0.34.0, moz:headless: false, moz:platformVersion: 10.0, moz:processID: 35532, moz:profile: C:\Users\U1\AppData\Local\T..., moz:shutdownTimeout: 60000, moz:webdriverClick: true, moz:windowless: false, pageLoadStrategy: normal, platform: WINDOWS, platformName: WINDOWS, proxy: Proxy(), setWindowRect: true, strictFileInteractability: false, timeouts: {implicit: 0, pageLoad: 300000, script: 30000}, unhandledPromptBehavior: dismiss and notify}&#10;Session ID: 4f127341-e6a5-4b59-8f10-257eedcb3fe4&#10;*** Element info: {Using=name, value=characters}" type="org.openqa.selenium.NoSuchWindowException">org.openqa.selenium.NoSuchWindowException: 
Browsing context has been discarded
Build info: version: '3.13.0', revision: '2f0d292', time: '2018-06-25T15:24:21.231Z'
System info: host: 'DESKTOP-MJA3542', ip: '10.0.0.7', os.name: 'Windows 10', os.arch: 'amd64', os.version: '10.0', java.version: '17.0.2'
Driver info: org.openqa.selenium.firefox.FirefoxDriver
Capabilities {acceptInsecureCerts: true, browserName: firefox, browserVersion: 123.0.1, javascriptEnabled: true, moz:accessibilityChecks: false, moz:buildID: 20240304104836, moz:geckodriverVersion: 0.34.0, moz:headless: false, moz:platformVersion: 10.0, moz:processID: 35532, moz:profile: C:\Users\U1\AppData\Local\T..., moz:shutdownTimeout: 60000, moz:webdriverClick: true, moz:windowless: false, pageLoadStrategy: normal, platform: WINDOWS, platformName: WINDOWS, proxy: Proxy(), setWindowRect: true, strictFileInteractability: false, timeouts: {implicit: 0, pageLoad: 300000, script: 30000}, unhandledPromptBehavior: dismiss and notify}
Session ID: 4f127341-e6a5-4b59-8f10-257eedcb3fe4
*** Element info: {Using=name, value=characters}
	at Selleniun_start_projects.Selleniun_start_projects.PasswordSelleniumTest.Test3(PasswordSelleniumTest.java:54)
</failure>
    <system-err><![CDATA[1710024099575	geckodriver	INFO	Listening on 127.0.0.1:39653
1710024099595	mozrunner::runner	INFO	Running command: "C:\\Program Files\\Mozilla Firefox\\firefox.exe" "--marionette" "-no-remote" "-profile" "C:\\Users\\U1\\AppData\\Local\\Temp\\rust_mozprofile3AgwdX"
console.warn: services.settings: Ignoring preference override of remote settings server
console.warn: services.settings: Allow by setting MOZ_REMOTE_SETTINGS_DEVTOOLS=1 in the environment
1710024100206	Marionette	INFO	Marionette enabled
Dynamically enable window occlusion 0
1710024100341	Marionette	INFO	Listening on port 61885
Read port: 61885
1710024100625	RemoteAgent	WARN	TLS certificate errors will be ignored for this session
Mar 10, 2024 12:41:42 AM org.openqa.selenium.remote.ProtocolHandshake createSession
INFO: Detected dialect: W3C
1710024103538	Marionette	INFO	Stopped listening on port 61885
Dynamically enable window occlusion 1
]]></system-err>
  </testcase>
  <testcase name="Test4 on Test4(Selleniun_start_projects.Selleniun_start_projects.PasswordSelleniumTest)" classname="Selleniun_start_projects.Selleniun_start_projects.PasswordSelleniumTest" time="7.241">
    <failure message="Browsing context has been discarded&#10;Build info: version: &apos;3.13.0&apos;, revision: &apos;2f0d292&apos;, time: &apos;2018-06-25T15:24:21.231Z&apos;&#10;System info: host: &apos;DESKTOP-MJA3542&apos;, ip: &apos;10.0.0.7&apos;, os.name: &apos;Windows 10&apos;, os.arch: &apos;amd64&apos;, os.version: &apos;10.0&apos;, java.version: &apos;17.0.2&apos;&#10;Driver info: org.openqa.selenium.firefox.FirefoxDriver&#10;Capabilities {acceptInsecureCerts: true, browserName: firefox, browserVersion: 123.0.1, javascriptEnabled: true, moz:accessibilityChecks: false, moz:buildID: 20240304104836, moz:geckodriverVersion: 0.34.0, moz:headless: false, moz:platformVersion: 10.0, moz:processID: 25212, moz:profile: C:\Users\U1\AppData\Local\T..., moz:shutdownTimeout: 60000, moz:webdriverClick: true, moz:windowless: false, pageLoadStrategy: normal, platform: WINDOWS, platformName: WINDOWS, proxy: Proxy(), setWindowRect: true, strictFileInteractability: false, timeouts: {implicit: 0, pageLoad: 300000, script: 30000}, unhandledPromptBehavior: dismiss and notify}&#10;Session ID: 4dd47d10-7b28-4cef-a76e-76349c697732&#10;*** Element info: {Using=name, value=characters}" type="org.openqa.selenium.NoSuchWindowException">org.openqa.selenium.NoSuchWindowException: 
Browsing context has been discarded
Build info: version: '3.13.0', revision: '2f0d292', time: '2018-06-25T15:24:21.231Z'
System info: host: 'DESKTOP-MJA3542', ip: '10.0.0.7', os.name: 'Windows 10', os.arch: 'amd64', os.version: '10.0', java.version: '17.0.2'
Driver info: org.openqa.selenium.firefox.FirefoxDriver
Capabilities {acceptInsecureCerts: true, browserName: firefox, browserVersion: 123.0.1, javascriptEnabled: true, moz:accessibilityChecks: false, moz:buildID: 20240304104836, moz:geckodriverVersion: 0.34.0, moz:headless: false, moz:platformVersion: 10.0, moz:processID: 25212, moz:profile: C:\Users\U1\AppData\Local\T..., moz:shutdownTimeout: 60000, moz:webdriverClick: true, moz:windowless: false, pageLoadStrategy: normal, platform: WINDOWS, platformName: WINDOWS, proxy: Proxy(), setWindowRect: true, strictFileInteractability: false, timeouts: {implicit: 0, pageLoad: 300000, script: 30000}, unhandledPromptBehavior: dismiss and notify}
Session ID: 4dd47d10-7b28-4cef-a76e-76349c697732
*** Element info: {Using=name, value=characters}
	at Selleniun_start_projects.Selleniun_start_projects.PasswordSelleniumTest.Test4(PasswordSelleniumTest.java:65)
</failure>
    <system-err><![CDATA[JavaScript error: chrome://remote/content/marionette/cert.sys.mjs, line 47: NS_ERROR_NOT_AVAILABLE: Component returned failure code: 0x80040111 (NS_ERROR_NOT_AVAILABLE) [nsICertOverrideService.setDisableAllSecurityChecksAndLetAttackersInterceptMyData]
console.error: (new TypeError("NetworkError: Network request failed", "resource://services-settings/Utils.sys.mjs", 236))
console.error: (new TypeError("NetworkError: Network request failed", "resource://services-settings/Utils.sys.mjs", 236))
console.error: (new NetworkError("Network error: TypeError: NetworkError: Network request failed", "resource://services-settings/RemoteSettingsClient.sys.mjs", 107))
1710024103706	geckodriver	INFO	Listening on 127.0.0.1:15279
1710024103727	mozrunner::runner	INFO	Running command: "C:\\Program Files\\Mozilla Firefox\\firefox.exe" "--marionette" "-no-remote" "-profile" "C:\\Users\\U1\\AppData\\Local\\Temp\\rust_mozprofile4RDOBa"
console.warn: services.settings: Ignoring preference override of remote settings server
console.warn: services.settings: Allow by setting MOZ_REMOTE_SETTINGS_DEVTOOLS=1 in the environment
1710024104329	Marionette	INFO	Marionette enabled
Dynamically enable window occlusion 0
1710024104438	Marionette	INFO	Listening on port 62016
Read port: 62016
1710024104699	RemoteAgent	WARN	TLS certificate errors will be ignored for this session
Mar 10, 2024 12:41:46 AM org.openqa.selenium.remote.ProtocolHandshake createSession
INFO: Detected dialect: W3C
1710024110764	Marionette	INFO	Stopped listening on port 62016
Dynamically enable window occlusion 1
]]></system-err>
  </testcase>
  <testcase name="Test5 on Test5(Selleniun_start_projects.Selleniun_start_projects.PasswordSelleniumTest)" classname="Selleniun_start_projects.Selleniun_start_projects.PasswordSelleniumTest" time="6.8">
    <failure message="Browsing context has been discarded&#10;Build info: version: &apos;3.13.0&apos;, revision: &apos;2f0d292&apos;, time: &apos;2018-06-25T15:24:21.231Z&apos;&#10;System info: host: &apos;DESKTOP-MJA3542&apos;, ip: &apos;10.0.0.7&apos;, os.name: &apos;Windows 10&apos;, os.arch: &apos;amd64&apos;, os.version: &apos;10.0&apos;, java.version: &apos;17.0.2&apos;&#10;Driver info: org.openqa.selenium.firefox.FirefoxDriver&#10;Capabilities {acceptInsecureCerts: true, browserName: firefox, browserVersion: 123.0.1, javascriptEnabled: true, moz:accessibilityChecks: false, moz:buildID: 20240304104836, moz:geckodriverVersion: 0.34.0, moz:headless: false, moz:platformVersion: 10.0, moz:processID: 32672, moz:profile: C:\Users\U1\AppData\Local\T..., moz:shutdownTimeout: 60000, moz:webdriverClick: true, moz:windowless: false, pageLoadStrategy: normal, platform: WINDOWS, platformName: WINDOWS, proxy: Proxy(), setWindowRect: true, strictFileInteractability: false, timeouts: {implicit: 0, pageLoad: 300000, script: 30000}, unhandledPromptBehavior: dismiss and notify}&#10;Session ID: 8d66ee12-c5ad-4f31-a5af-9f513d1694a1&#10;*** Element info: {Using=name, value=characters}" type="org.openqa.selenium.NoSuchWindowException">org.openqa.selenium.NoSuchWindowException: 
Browsing context has been discarded
Build info: version: '3.13.0', revision: '2f0d292', time: '2018-06-25T15:24:21.231Z'
System info: host: 'DESKTOP-MJA3542', ip: '10.0.0.7', os.name: 'Windows 10', os.arch: 'amd64', os.version: '10.0', java.version: '17.0.2'
Driver info: org.openqa.selenium.firefox.FirefoxDriver
Capabilities {acceptInsecureCerts: true, browserName: firefox, browserVersion: 123.0.1, javascriptEnabled: true, moz:accessibilityChecks: false, moz:buildID: 20240304104836, moz:geckodriverVersion: 0.34.0, moz:headless: false, moz:platformVersion: 10.0, moz:processID: 32672, moz:profile: C:\Users\U1\AppData\Local\T..., moz:shutdownTimeout: 60000, moz:webdriverClick: true, moz:windowless: false, pageLoadStrategy: normal, platform: WINDOWS, platformName: WINDOWS, proxy: Proxy(), setWindowRect: true, strictFileInteractability: false, timeouts: {implicit: 0, pageLoad: 300000, script: 30000}, unhandledPromptBehavior: dismiss and notify}
Session ID: 8d66ee12-c5ad-4f31-a5af-9f513d1694a1
*** Element info: {Using=name, value=characters}
	at Selleniun_start_projects.Selleniun_start_projects.PasswordSelleniumTest.Test5(PasswordSelleniumTest.java:76)
</failure>
    <system-err><![CDATA[JavaScript error: chrome://remote/content/marionette/cert.sys.mjs, line 47: NS_ERROR_NOT_AVAILABLE: Component returned failure code: 0x80040111 (NS_ERROR_NOT_AVAILABLE) [nsICertOverrideService.setDisableAllSecurityChecksAndLetAttackersInterceptMyData]
1710024110899	geckodriver	INFO	Listening on 127.0.0.1:20974
1710024110924	mozrunner::runner	INFO	Running command: "C:\\Program Files\\Mozilla Firefox\\firefox.exe" "--marionette" "-no-remote" "-profile" "C:\\Users\\U1\\AppData\\Local\\Temp\\rust_mozprofileJhZD9W"
console.warn: services.settings: Ignoring preference override of remote settings server
console.warn: services.settings: Allow by setting MOZ_REMOTE_SETTINGS_DEVTOOLS=1 in the environment
1710024111406	Marionette	INFO	Marionette enabled
Dynamically enable window occlusion 0
1710024111526	Marionette	INFO	Listening on port 62082
Read port: 62082
1710024111799	RemoteAgent	WARN	TLS certificate errors will be ignored for this session
Mar 10, 2024 12:41:54 AM org.openqa.selenium.remote.ProtocolHandshake createSession
INFO: Detected dialect: W3C
1710024117576	Marionette	INFO	Stopped listening on port 62082
Dynamically enable window occlusion 1
]]></system-err>
  </testcase>
  <testcase name="Test6 on Test6(Selleniun_start_projects.Selleniun_start_projects.PasswordSelleniumTest)" classname="Selleniun_start_projects.Selleniun_start_projects.PasswordSelleniumTest" time="7.608">
    <failure message="Browsing context has been discarded&#10;Build info: version: &apos;3.13.0&apos;, revision: &apos;2f0d292&apos;, time: &apos;2018-06-25T15:24:21.231Z&apos;&#10;System info: host: &apos;DESKTOP-MJA3542&apos;, ip: &apos;10.0.0.7&apos;, os.name: &apos;Windows 10&apos;, os.arch: &apos;amd64&apos;, os.version: &apos;10.0&apos;, java.version: &apos;17.0.2&apos;&#10;Driver info: org.openqa.selenium.firefox.FirefoxDriver&#10;Capabilities {acceptInsecureCerts: true, browserName: firefox, browserVersion: 123.0.1, javascriptEnabled: true, moz:accessibilityChecks: false, moz:buildID: 20240304104836, moz:geckodriverVersion: 0.34.0, moz:headless: false, moz:platformVersion: 10.0, moz:processID: 35960, moz:profile: C:\Users\U1\AppData\Local\T..., moz:shutdownTimeout: 60000, moz:webdriverClick: true, moz:windowless: false, pageLoadStrategy: normal, platform: WINDOWS, platformName: WINDOWS, proxy: Proxy(), setWindowRect: true, strictFileInteractability: false, timeouts: {implicit: 0, pageLoad: 300000, script: 30000}, unhandledPromptBehavior: dismiss and notify}&#10;Session ID: 5a17e6c3-0a60-4350-83ee-ba8f1c0b055f&#10;*** Element info: {Using=name, value=characters}" type="org.openqa.selenium.NoSuchWindowException">org.openqa.selenium.NoSuchWindowException: 
Browsing context has been discarded
Build info: version: '3.13.0', revision: '2f0d292', time: '2018-06-25T15:24:21.231Z'
System info: host: 'DESKTOP-MJA3542', ip: '10.0.0.7', os.name: 'Windows 10', os.arch: 'amd64', os.version: '10.0', java.version: '17.0.2'
Driver info: org.openqa.selenium.firefox.FirefoxDriver
Capabilities {acceptInsecureCerts: true, browserName: firefox, browserVersion: 123.0.1, javascriptEnabled: true, moz:accessibilityChecks: false, moz:buildID: 20240304104836, moz:geckodriverVersion: 0.34.0, moz:headless: false, moz:platformVersion: 10.0, moz:processID: 35960, moz:profile: C:\Users\U1\AppData\Local\T..., moz:shutdownTimeout: 60000, moz:webdriverClick: true, moz:windowless: false, pageLoadStrategy: normal, platform: WINDOWS, platformName: WINDOWS, proxy: Proxy(), setWindowRect: true, strictFileInteractability: false, timeouts: {implicit: 0, pageLoad: 300000, script: 30000}, unhandledPromptBehavior: dismiss and notify}
Session ID: 5a17e6c3-0a60-4350-83ee-ba8f1c0b055f
*** Element info: {Using=name, value=characters}
	at Selleniun_start_projects.Selleniun_start_projects.PasswordSelleniumTest.Test6(PasswordSelleniumTest.java:86)
</failure>
    <system-err><![CDATA[JavaScript error: chrome://remote/content/marionette/cert.sys.mjs, line 47: NS_ERROR_NOT_AVAILABLE: Component returned failure code: 0x80040111 (NS_ERROR_NOT_AVAILABLE) [nsICertOverrideService.setDisableAllSecurityChecksAndLetAttackersInterceptMyData]
1710024117726	geckodriver	INFO	Listening on 127.0.0.1:7792
1710024117746	mozrunner::runner	INFO	Running command: "C:\\Program Files\\Mozilla Firefox\\firefox.exe" "--marionette" "-no-remote" "-profile" "C:\\Users\\U1\\AppData\\Local\\Temp\\rust_mozprofilehyFX5O"
console.warn: services.settings: Ignoring preference override of remote settings server
console.warn: services.settings: Allow by setting MOZ_REMOTE_SETTINGS_DEVTOOLS=1 in the environment
1710024118286	Marionette	INFO	Marionette enabled
Dynamically enable window occlusion 0
1710024118425	Marionette	INFO	Listening on port 62178
Read port: 62178
1710024118687	RemoteAgent	WARN	TLS certificate errors will be ignored for this session
Mar 10, 2024 12:42:01 AM org.openqa.selenium.remote.ProtocolHandshake createSession
INFO: Detected dialect: W3C
1710024121340	Marionette	INFO	Stopped listening on port 61672
Dynamically enable window occlusion 1
JavaScript error: chrome://remote/content/marionette/cert.sys.mjs, line 47: NS_ERROR_NOT_AVAILABLE: Component returned failure code: 0x80040111 (NS_ERROR_NOT_AVAILABLE) [nsICertOverrideService.setDisableAllSecurityChecksAndLetAttackersInterceptMyData]
1710024123664	Marionette	INFO	Stopped listening on port 61776
Dynamically enable window occlusion 1
1710024123831	addons.xpi	ERROR	System addon update list error Error: Failed downloading XML, status: 0, channelStatus: 2147500036, errorCode: 2, reason: error
console.error: (new Error("Polling for changes failed: NetworkError: Network request failed.", "resource://services-settings/remote-settings.sys.mjs", 324))
JavaScript error: chrome://remote/content/marionette/cert.sys.mjs, line 47: NS_ERROR_NOT_AVAILABLE: Component returned failure code: 0x80040111 (NS_ERROR_NOT_AVAILABLE) [nsICertOverrideService.setDisableAllSecurityChecksAndLetAttackersInterceptMyData]
console.error: Region.sys.mjs: "Error fetching region" (new TypeError("NetworkError when attempting to fetch resource.", "resource://gre/modules/Region.sys.mjs", 738))
console.error: Region.sys.mjs: "Failed to fetch region" (new Error("NO_RESULT", "resource://gre/modules/Region.sys.mjs", 411))
1710024125156	Marionette	INFO	Stopped listening on port 62178
Dynamically enable window occlusion 1
]]></system-err>
  </testcase>
  <testcase name="Tests1 on Tests1(Selleniun_start_projects.Selleniun_start_projects.AppTest)" classname="Selleniun_start_projects.Selleniun_start_projects.AppTest" time="7.884"/>
</testsuite>